\BOOKMARK [1][-]{section.1}{\376\377\000I\000N\000T\000R\000O\000D\000U\000C\000T\000I\000O\000N}{}% 1
\BOOKMARK [1][-]{section.2}{\376\377\000S\000Y\000S\000T\000E\000M\000\040\000A\000N\000A\000L\000Y\000S\000I\000S}{}% 2
\BOOKMARK [2][-]{subsection.2.1}{\376\377\000S\000c\000o\000p\000e}{section.2}% 3
\BOOKMARK [2][-]{subsection.2.2}{\376\377\000S\000y\000s\000t\000e\000m\000\040\000R\000e\000q\000u\000i\000r\000e\000m\000e\000n\000t\000s}{section.2}% 4
\BOOKMARK [3][-]{subsubsection.2.2.1}{\376\377\000S\000y\000s\000t\000e\000m\000\040\000R\000e\000q\000u\000i\000r\000e\000m\000e\000n\000t\000s\000\040\000O\000v\000e\000r\000v\000i\000e\000w}{subsection.2.2}% 5
\BOOKMARK [3][-]{subsubsection.2.2.2}{\376\377\000D\000e\000t\000a\000i\000l\000e\000d\000\040\000S\000y\000s\000t\000e\000m\000\040\000R\000e\000q\000u\000i\000r\000e\000m\000e\000n\000t\000s}{subsection.2.2}% 6
\BOOKMARK [2][-]{subsection.2.3}{\376\377\000N\000o\000n\000-\000f\000u\000n\000c\000t\000i\000o\000n\000a\000l\000\040\000R\000e\000q\000u\000i\000r\000e\000m\000e\000n\000t\000s}{section.2}% 7
\BOOKMARK [2][-]{subsection.2.4}{\376\377\000U\000s\000e\000\040\000c\000a\000s\000e\000\040\000S\000p\000e\000c\000i\000f\000i\000c\000a\000t\000i\000o\000n}{section.2}% 8
\BOOKMARK [3][-]{subsubsection.2.4.1}{\376\377\000C\000o\000m\000m\000o\000n\000\040\000E\000l\000e\000m\000e\000n\000t\000s\000\040\000a\000n\000d\000\040\000F\000l\000o\000w\000s\000\040\000f\000o\000r\000\040\000A\000l\000l\000\040\000U\000s\000e\000\040\000C\000a\000s\000e\000s}{subsection.2.4}% 9
\BOOKMARK [3][-]{subsubsection.2.4.2}{\376\377\000P\000e\000r\000s\000o\000n\000n\000e\000l\000\040\000M\000a\000n\000a\000g\000e\000m\000e\000n\000t\000:\000\040\000I\000m\000p\000o\000r\000t\000\040\000E\000m\000p\000l\000o\000y\000e\000e\000\040\000D\000a\000t\000a}{subsection.2.4}% 10
\BOOKMARK [3][-]{subsubsection.2.4.3}{\376\377\000A\000t\000t\000e\000n\000d\000a\000n\000c\000e\000\040\000M\000a\000n\000a\000g\000e\000m\000e\000n\000t\000:\000\040\000M\000a\000r\000k\000\040\000S\000t\000u\000d\000e\000n\000t\000\040\000A\000t\000t\000e\000n\000d\000a\000n\000c\000e}{subsection.2.4}% 11
\BOOKMARK [3][-]{subsubsection.2.4.4}{\376\377\000A\000t\000t\000e\000n\000d\000a\000n\000c\000e\000\040\000M\000a\000n\000a\000g\000e\000m\000e\000n\000t\000:\000\040\000G\000e\000n\000e\000r\000a\000t\000e\000\040\000S\000t\000u\000d\000e\000n\000t\000\040\000A\000t\000t\000e\000n\000d\000a\000n\000c\000e\000\040\000R\000e\000p\000o\000r\000t}{subsection.2.4}% 12
\BOOKMARK [3][-]{subsubsection.2.4.5}{\376\377\000L\000e\000a\000v\000e\000\040\000R\000e\000q\000u\000e\000s\000t\000\040\000M\000a\000n\000a\000g\000e\000m\000e\000n\000t\000:\000\040\000C\000r\000e\000a\000t\000e\000\040\000L\000e\000a\000v\000e\000\040\000R\000e\000q\000u\000e\000s\000t\000s}{subsection.2.4}% 13
\BOOKMARK [3][-]{subsubsection.2.4.6}{\376\377\000L\000e\000a\000v\000e\000\040\000R\000e\000q\000u\000e\000s\000t\000\040\000M\000a\000n\000a\000g\000e\000m\000e\000n\000t\000:\000\040\000C\000o\000n\000f\000i\000r\000m\000\040\000L\000e\000a\000v\000e\000\040\000R\000e\000q\000u\000e\000s\000t\000s}{subsection.2.4}% 14
\BOOKMARK [3][-]{subsubsection.2.4.7}{\376\377\000N\000e\000w\000s\000f\000e\000e\000d\000\040\000M\000a\000n\000a\000g\000e\000m\000e\000n\000t\000:\000\040\000P\000o\000s\000t\000\040\000N\000e\000w\000s\000f\000e\000e\000d}{subsection.2.4}% 15
\BOOKMARK [3][-]{subsubsection.2.4.8}{\376\377\000M\000e\000d\000i\000c\000i\000n\000e\000\040\000r\000e\000m\000i\000n\000d\000e\000r\000\040\000m\000a\000n\000a\000g\000e\000m\000e\000n\000t\000:\000\040\000C\000o\000n\000f\000i\000r\000m\000\040\000m\000e\000d\000i\000c\000i\000n\000e\000\040\000r\000e\000m\000i\000n\000d\000e\000r}{subsection.2.4}% 16
\BOOKMARK [3][-]{subsubsection.2.4.9}{\376\377\000N\000o\000t\000i\000f\000i\000c\000a\000t\000i\000o\000n\000\040\000m\000a\000n\000a\000g\000e\000m\000e\000n\000t\000:\000\040\000P\000u\000s\000h\000\040\000n\000o\000t\000i\000f\000i\000c\000a\000t\000i\000o\000n}{subsection.2.4}% 17
\BOOKMARK [3][-]{subsubsection.2.4.10}{\376\377\000B\000u\000s\000\040\000m\000a\000n\000a\000g\000e\000m\000e\000n\000t\000:\000\040\000T\000r\000a\000c\000k\000\040\000b\000u\000s\000e\000s}{subsection.2.4}% 18
\BOOKMARK [2][-]{subsection.2.5}{\376\377\000S\000e\000q\000u\000e\000n\000c\000e\000\040\000d\000i\000a\000g\000r\000a\000m}{section.2}% 19
\BOOKMARK [3][-]{subsubsection.2.5.1}{\376\377\000S\000e\000q\000u\000e\000n\000c\000e\000\040\000D\000i\000a\000g\000r\000a\000m\000\040\000f\000o\000r\000\040\000M\000a\000r\000k\000\040\000S\000t\000u\000d\000e\000n\000t\000\040\000A\000t\000t\000e\000n\000d\000a\000n\000c\000e}{subsection.2.5}% 20
\BOOKMARK [3][-]{subsubsection.2.5.2}{\376\377\000S\000e\000q\000u\000e\000n\000c\000e\000\040\000D\000i\000a\000g\000r\000a\000m\000\040\000f\000o\000r\000\040\000I\000m\000p\000o\000r\000t\000\040\000E\000m\000p\000l\000o\000y\000e\000e\000\040\000D\000a\000t\000a}{subsection.2.5}% 21
\BOOKMARK [3][-]{subsubsection.2.5.3}{\376\377\000S\000e\000q\000u\000e\000n\000c\000e\000\040\000D\000i\000a\000g\000r\000a\000m\000\040\000f\000o\000r\000\040\000C\000r\000e\000a\000t\000e\000\040\000S\000t\000u\000d\000e\000n\000t\000\040\000L\000e\000a\000v\000e\000\040\000R\000e\000q\000u\000e\000s\000t}{subsection.2.5}% 22
\BOOKMARK [3][-]{subsubsection.2.5.4}{\376\377\000S\000e\000q\000u\000e\000n\000c\000e\000\040\000D\000i\000a\000g\000r\000a\000m\000\040\000f\000o\000r\000\040\000C\000o\000n\000f\000i\000r\000m\000\040\000S\000t\000u\000d\000e\000n\000t\000\040\000L\000e\000a\000v\000e\000\040\000R\000e\000q\000u\000e\000s\000t}{subsection.2.5}% 23
\BOOKMARK [3][-]{subsubsection.2.5.5}{\376\377\000S\000e\000q\000u\000e\000n\000c\000e\000\040\000D\000i\000a\000g\000r\000a\000m\000\040\000f\000o\000r\000\040\000P\000o\000s\000t\000\040\000N\000e\000w\000s\000f\000e\000e\000d}{subsection.2.5}% 24
\BOOKMARK [3][-]{subsubsection.2.5.6}{\376\377\000S\000e\000q\000u\000e\000n\000c\000e\000\040\000D\000i\000a\000g\000r\000a\000m\000\040\000f\000o\000r\000\040\000T\000r\000a\000c\000k\000\040\000B\000u\000s\000e\000s}{subsection.2.5}% 25
\BOOKMARK [1][-]{section.3}{\376\377\000S\000Y\000S\000T\000E\000M\000\040\000D\000E\000S\000I\000G\000N}{}% 26
\BOOKMARK [2][-]{subsection.3.1}{\376\377\000S\000y\000s\000t\000e\000m\000\040\000A\000r\000c\000h\000i\000t\000e\000c\000t\000u\000r\000e\000\040\000O\000v\000e\000r\000v\000i\000e\000w}{section.3}% 27
\BOOKMARK [2][-]{subsection.3.2}{\376\377\000S\000o\000f\000t\000w\000a\000r\000e\000\040\000B\000l\000o\000c\000k\000\040\000D\000i\000a\000g\000r\000a\000m}{section.3}% 28
\BOOKMARK [3][-]{subsubsection.3.2.1}{\376\377\000W\000e\000b\000\040\000A\000p\000p\000l\000i\000c\000a\000t\000i\000o\000n}{subsection.3.2}% 29
\BOOKMARK [3][-]{subsubsection.3.2.2}{\376\377\000M\000o\000b\000i\000l\000e\000\040\000A\000p\000p\000l\000i\000c\000a\000t\000i\000o\000n}{subsection.3.2}% 30
\BOOKMARK [2][-]{subsection.3.3}{\376\377\000D\000a\000t\000a\000b\000a\000s\000e\000\040\000D\000e\000s\000i\000g\000n}{section.3}% 31
\BOOKMARK [3][-]{subsubsection.3.3.1}{\376\377\000E\000x\000t\000r\000a\000c\000t\000e\000d\000\040\000d\000a\000t\000a\000b\000a\000s\000e\000\040\000t\000a\000b\000l\000e\000s}{subsection.3.3}% 32
\BOOKMARK [3][-]{subsubsection.3.3.2}{\376\377\000D\000a\000t\000a\000b\000a\000s\000e\000\040\000D\000e\000s\000i\000g\000n\000\040\000D\000e\000s\000c\000r\000i\000p\000t\000i\000o\000n}{subsection.3.3}% 33
\BOOKMARK [1][-]{section.4}{\376\377\000M\000E\000T\000H\000O\000D\000O\000L\000O\000G\000Y}{}% 34
\BOOKMARK [2][-]{subsection.4.1}{\376\377\000S\000e\000n\000c\000h\000a\000\040\000E\000x\000t\000\040\000J\000S}{section.4}% 35
\BOOKMARK [2][-]{subsection.4.2}{\376\377\000F\000l\000u\000t\000t\000e\000r}{section.4}% 36
\BOOKMARK [2][-]{subsection.4.3}{\376\377\000S\000p\000r\000i\000n\000g\000\040\000b\000o\000o\000t}{section.4}% 37
\BOOKMARK [2][-]{subsection.4.4}{\376\377\000P\000o\000s\000t\000g\000r\000e\000S\000Q\000L}{section.4}% 38
\BOOKMARK [2][-]{subsection.4.5}{\376\377\000O\000b\000j\000e\000c\000t\000-\000R\000e\000l\000a\000t\000i\000o\000n\000a\000l\000\040\000M\000a\000p\000p\000i\000n\000g}{section.4}% 39
\BOOKMARK [2][-]{subsection.4.6}{\376\377\000P\000a\000g\000i\000n\000a\000t\000i\000o\000n}{section.4}% 40
\BOOKMARK [2][-]{subsection.4.7}{\376\377\000F\000i\000r\000e\000b\000a\000s\000e\000\040\000M\000e\000s\000s\000a\000g\000i\000n\000g\000\040\000C\000l\000o\000u\000d}{section.4}% 41
\BOOKMARK [2][-]{subsection.4.8}{\376\377\000S\000T\000O\000M\000P\000\040\000O\000v\000e\000r\000\040\000W\000e\000b\000S\000o\000c\000k\000e\000t}{section.4}% 42
\BOOKMARK [1][-]{section.5}{\376\377\000T\000E\000S\000T\000I\000N\000G}{}% 43
\BOOKMARK [1][-]{section.6}{\376\377\000R\000E\000S\000U\000L\000T\000S\000\040\000A\000N\000D\000\040\000D\000I\000S\000C\000U\000S\000S\000I\000O\000N\000S}{}% 44
\BOOKMARK [2][-]{subsection.6.1}{\376\377\000R\000e\000s\000u\000l\000t\000s}{section.6}% 45
\BOOKMARK [2][-]{subsection.6.2}{\376\377\000D\000i\000s\000c\000u\000s\000s\000i\000o\000n\000s}{section.6}% 46
\BOOKMARK [1][-]{section.7}{\376\377\000\040\000C\000O\000N\000C\000L\000U\000S\000I\000O\000N\000S\000\040\000A\000N\000D\000\040\000F\000U\000T\000U\000R\000E\000\040\000W\000O\000R\000K}{}% 47
\BOOKMARK [2][-]{subsection.7.1}{\376\377\000C\000o\000n\000c\000l\000u\000s\000i\000o\000n\000s}{section.7}% 48
\BOOKMARK [2][-]{subsection.7.2}{\376\377\000F\000u\000t\000u\000r\000e\000\040\000W\000o\000r\000k}{section.7}% 49
\BOOKMARK [1][-]{section*.34}{\376\377\000R\000E\000F\000E\000R\000E\000N\000C\000E\000S}{}% 50
